2012/12/11 17:57:38 [error] [exception.CHttpException.404] exception 'CHttpException' with message 'Unable to resolve the request "gii.".' in /Applications/MAMP/htdocs/yii/framework/web/CWebApplication.php:287
Stack trace:
#0 /Applications/MAMP/htdocs/yii/framework/web/CWebApplication.php(142): CWebApplication->runController('gii.')
#1 /Applications/MAMP/htdocs/yii/framework/base/CApplication.php(162): CWebApplication->processRequest()
#2 /Applications/MAMP/htdocs/server/gastronono/index.php(13): CApplication->run()
#3 {main}
REQUEST_URI=/server/gastronono/index.php?r=gii.
---
2012/12/11 18:00:35 [error] [exception.CHttpException.403] exception 'CHttpException' with message 'You are not authorized to perform this action.' in /Applications/MAMP/htdocs/yii/framework/web/auth/CAccessControlFilter.php:170
Stack trace:
#0 /Applications/MAMP/htdocs/yii/framework/web/auth/CAccessControlFilter.php(133): CAccessControlFilter->accessDenied(Object(CWebUser), 'You are not aut...')
#1 /Applications/MAMP/htdocs/yii/framework/web/filters/CFilter.php(39): CAccessControlFilter->preFilter(Object(CFilterChain))
#2 /Applications/MAMP/htdocs/yii/framework/web/CController.php(1146): CFilter->filter(Object(CFilterChain))
#3 /Applications/MAMP/htdocs/yii/framework/web/filters/CInlineFilter.php(59): CController->filterAccessControl(Object(CFilterChain))
#4 /Applications/MAMP/htdocs/yii/framework/web/filters/CFilterChain.php(131): CInlineFilter->filter(Object(CFilterChain))
#5 /Applications/MAMP/htdocs/yii/framework/web/CController.php(292): CFilterChain->run()
#6 /Applications/MAMP/htdocs/yii/framework/web/CController.php(266): CController->runActionWithFilters(Object(CInlineAction), Array)
#7 /Applications/MAMP/htdocs/yii/framework/web/CWebApplication.php(283): CController->run('admin')
#8 /Applications/MAMP/htdocs/yii/framework/web/CWebApplication.php(142): CWebApplication->runController('user/admin')
#9 /Applications/MAMP/htdocs/yii/framework/base/CApplication.php(162): CWebApplication->processRequest()
#10 /Applications/MAMP/htdocs/server/gastronono/index.php(13): CApplication->run()
#11 {main}
REQUEST_URI=/server/gastronono/index.php?r=user/admin
HTTP_REFERER=http://localhost:8888/server/gastronono/index.php?r=site/login
---
2012/12/11 18:02:55 [error] [system.db.CDbCommand] Error in preparing SQL: PRAGMA table_info('tbl_user')
in /Applications/MAMP/htdocs/server/gastronono/protected/controllers/UserController.php (125)
in /Applications/MAMP/htdocs/server/gastronono/index.php (13)
2012/12/11 18:02:55 [error] [system.db.CDbCommand] CDbCommand::fetchAll() failed: CDbCommand failed to prepare the SQL statement: SQLSTATE[HY000]: General error: 11 database disk image is malformed. The SQL statement executed was: PRAGMA table_info('tbl_user').
in /Applications/MAMP/htdocs/server/gastronono/protected/controllers/UserController.php (125)
in /Applications/MAMP/htdocs/server/gastronono/index.php (13)
2012/12/11 18:02:55 [error] [exception.CDbException] exception 'CDbException' with message 'CDbCommand failed to execute the SQL statement: CDbCommand failed to prepare the SQL statement: SQLSTATE[HY000]: General error: 11 database disk image is malformed. The SQL statement executed was: PRAGMA table_info('tbl_user')' in /Applications/MAMP/htdocs/yii/framework/db/CDbCommand.php:528
Stack trace:
#0 /Applications/MAMP/htdocs/yii/framework/db/CDbCommand.php(390): CDbCommand->queryInternal('fetchAll', Array, Array)
#1 /Applications/MAMP/htdocs/yii/framework/db/schema/sqlite/CSqliteSchema.php(129): CDbCommand->queryAll()
#2 /Applications/MAMP/htdocs/yii/framework/db/schema/sqlite/CSqliteSchema.php(112): CSqliteSchema->findColumns(Object(CDbTableSchema))
#3 /Applications/MAMP/htdocs/yii/framework/db/schema/CDbSchema.php(104): CSqliteSchema->loadTable('tbl_user')
#4 /Applications/MAMP/htdocs/yii/framework/db/ar/CActiveRecord.php(2311): CDbSchema->getTable('tbl_user')
#5 /Applications/MAMP/htdocs/yii/framework/db/ar/CActiveRecord.php(388): CActiveRecordMetaData->__construct(Object(User))
#6 /Applications/MAMP/htdocs/yii/framework/web/CActiveDataProvider.php(75): CActiveRecord::model('User')
#7 /Applications/MAMP/htdocs/server/gastronono/protected/controllers/UserController.php(125): CActiveDataProvider->__construct('User')
#8 /Applications/MAMP/htdocs/yii/framework/web/actions/CInlineAction.php(50): UserController->actionIndex()
#9 /Applications/MAMP/htdocs/yii/framework/web/CController.php(309): CInlineAction->runWithParams(Array)
#10 /Applications/MAMP/htdocs/yii/framework/web/filters/CFilterChain.php(134): CController->runAction(Object(CInlineAction))
#11 /Applications/MAMP/htdocs/yii/framework/web/filters/CFilter.php(41): CFilterChain->run()
#12 /Applications/MAMP/htdocs/yii/framework/web/CController.php(1146): CFilter->filter(Object(CFilterChain))
#13 /Applications/MAMP/htdocs/yii/framework/web/filters/CInlineFilter.php(59): CController->filterAccessControl(Object(CFilterChain))
#14 /Applications/MAMP/htdocs/yii/framework/web/filters/CFilterChain.php(131): CInlineFilter->filter(Object(CFilterChain))
#15 /Applications/MAMP/htdocs/yii/framework/web/CController.php(292): CFilterChain->run()
#16 /Applications/MAMP/htdocs/yii/framework/web/CController.php(266): CController->runActionWithFilters(Object(CInlineAction), Array)
#17 /Applications/MAMP/htdocs/yii/framework/web/CWebApplication.php(283): CController->run('index')
#18 /Applications/MAMP/htdocs/yii/framework/web/CWebApplication.php(142): CWebApplication->runController('user/index')
#19 /Applications/MAMP/htdocs/yii/framework/base/CApplication.php(162): CWebApplication->processRequest()
#20 /Applications/MAMP/htdocs/server/gastronono/index.php(13): CApplication->run()
#21 {main}
REQUEST_URI=/server/gastronono/index.php?r=user/index
HTTP_REFERER=http://localhost:8888/server/gastronono/index.php?r=user/view&id=1
---
2012/12/11 18:08:17 [error] [exception.CException] exception 'CException' with message 'SiteController cannot find the requested view "register".' in /Applications/MAMP/htdocs/yii/framework/web/CController.php:879
Stack trace:
#0 /Applications/MAMP/htdocs/yii/framework/web/CController.php(783): CController->renderPartial('register', Array, true)
#1 /Applications/MAMP/htdocs/server/gastronono/protected/controllers/SiteController.php(83): CController->render('register', Array)
#2 /Applications/MAMP/htdocs/yii/framework/web/actions/CInlineAction.php(50): SiteController->actionRegister()
#3 /Applications/MAMP/htdocs/yii/framework/web/CController.php(309): CInlineAction->runWithParams(Array)
#4 /Applications/MAMP/htdocs/yii/framework/web/CController.php(287): CController->runAction(Object(CInlineAction))
#5 /Applications/MAMP/htdocs/yii/framework/web/CController.php(266): CController->runActionWithFilters(Object(CInlineAction), Array)
#6 /Applications/MAMP/htdocs/yii/framework/web/CWebApplication.php(283): CController->run('register')
#7 /Applications/MAMP/htdocs/yii/framework/web/CWebApplication.php(142): CWebApplication->runController('site/register')
#8 /Applications/MAMP/htdocs/yii/framework/base/CApplication.php(162): CWebApplication->processRequest()
#9 /Applications/MAMP/htdocs/server/gastronono/index.php(13): CApplication->run()
#10 {main}
REQUEST_URI=/server/gastronono/index.php?r=site/register
---
2012/12/11 18:12:35 [error] [exception.CException] exception 'CException' with message 'SiteController cannot find the requested view "register".' in /Applications/MAMP/htdocs/yii/framework/web/CController.php:879
Stack trace:
#0 /Applications/MAMP/htdocs/yii/framework/web/CController.php(783): CController->renderPartial('register', Array, true)
#1 /Applications/MAMP/htdocs/server/gastronono/protected/controllers/SiteController.php(83): CController->render('register', Array)
#2 /Applications/MAMP/htdocs/yii/framework/web/actions/CInlineAction.php(50): SiteController->actionRegister()
#3 /Applications/MAMP/htdocs/yii/framework/web/CController.php(309): CInlineAction->runWithParams(Array)
#4 /Applications/MAMP/htdocs/yii/framework/web/CController.php(287): CController->runAction(Object(CInlineAction))
#5 /Applications/MAMP/htdocs/yii/framework/web/CController.php(266): CController->runActionWithFilters(Object(CInlineAction), Array)
#6 /Applications/MAMP/htdocs/yii/framework/web/CWebApplication.php(283): CController->run('register')
#7 /Applications/MAMP/htdocs/yii/framework/web/CWebApplication.php(142): CWebApplication->runController('site/register')
#8 /Applications/MAMP/htdocs/yii/framework/base/CApplication.php(162): CWebApplication->processRequest()
#9 /Applications/MAMP/htdocs/server/gastronono/index.php(13): CApplication->run()
#10 {main}
REQUEST_URI=/server/gastronono/index.php?r=site/register
---
2012/12/11 18:14:17 [error] [exception.CHttpException.404] exception 'CHttpException' with message 'The system is unable to find the requested action "login2".' in /Applications/MAMP/htdocs/yii/framework/web/CController.php:484
Stack trace:
#0 /Applications/MAMP/htdocs/yii/framework/web/CController.php(271): CController->missingAction('login2')
#1 /Applications/MAMP/htdocs/yii/framework/web/CWebApplication.php(283): CController->run('login2')
#2 /Applications/MAMP/htdocs/yii/framework/web/CWebApplication.php(142): CWebApplication->runController('site/login2')
#3 /Applications/MAMP/htdocs/yii/framework/base/CApplication.php(162): CWebApplication->processRequest()
#4 /Applications/MAMP/htdocs/server/gastronono/index.php(13): CApplication->run()
#5 {main}
REQUEST_URI=/server/gastronono/index.php?r=site/login2
---
2012/12/11 18:14:24 [error] [exception.CException] exception 'CException' with message 'SiteController cannot find the requested view "register".' in /Applications/MAMP/htdocs/yii/framework/web/CController.php:879
Stack trace:
#0 /Applications/MAMP/htdocs/yii/framework/web/CController.php(783): CController->renderPartial('register', Array, true)
#1 /Applications/MAMP/htdocs/server/gastronono/protected/controllers/SiteController.php(83): CController->render('register', Array)
#2 /Applications/MAMP/htdocs/yii/framework/web/actions/CInlineAction.php(50): SiteController->actionRegister()
#3 /Applications/MAMP/htdocs/yii/framework/web/CController.php(309): CInlineAction->runWithParams(Array)
#4 /Applications/MAMP/htdocs/yii/framework/web/CController.php(287): CController->runAction(Object(CInlineAction))
#5 /Applications/MAMP/htdocs/yii/framework/web/CController.php(266): CController->runActionWithFilters(Object(CInlineAction), Array)
#6 /Applications/MAMP/htdocs/yii/framework/web/CWebApplication.php(283): CController->run('register')
#7 /Applications/MAMP/htdocs/yii/framework/web/CWebApplication.php(142): CWebApplication->runController('site/register')
#8 /Applications/MAMP/htdocs/yii/framework/base/CApplication.php(162): CWebApplication->processRequest()
#9 /Applications/MAMP/htdocs/server/gastronono/index.php(13): CApplication->run()
#10 {main}
REQUEST_URI=/server/gastronono/index.php?r=site/register
---
2012/12/11 18:14:26 [error] [exception.CHttpException.404] exception 'CHttpException' with message 'The system is unable to find the requested action "login2".' in /Applications/MAMP/htdocs/yii/framework/web/CController.php:484
Stack trace:
#0 /Applications/MAMP/htdocs/yii/framework/web/CController.php(271): CController->missingAction('login2')
#1 /Applications/MAMP/htdocs/yii/framework/web/CWebApplication.php(283): CController->run('login2')
#2 /Applications/MAMP/htdocs/yii/framework/web/CWebApplication.php(142): CWebApplication->runController('site/login2')
#3 /Applications/MAMP/htdocs/yii/framework/base/CApplication.php(162): CWebApplication->processRequest()
#4 /Applications/MAMP/htdocs/server/gastronono/index.php(13): CApplication->run()
#5 {main}
REQUEST_URI=/server/gastronono/index.php?r=site/login2
---
2012/12/11 18:24:33 [error] [exception.CHttpException.404] exception 'CHttpException' with message 'The system is unable to find the requested action "login2".' in /Applications/MAMP/htdocs/yii/framework/web/CController.php:484
Stack trace:
#0 /Applications/MAMP/htdocs/yii/framework/web/CController.php(271): CController->missingAction('login2')
#1 /Applications/MAMP/htdocs/yii/framework/web/CWebApplication.php(283): CController->run('login2')
#2 /Applications/MAMP/htdocs/yii/framework/web/CWebApplication.php(142): CWebApplication->runController('site/login2')
#3 /Applications/MAMP/htdocs/yii/framework/base/CApplication.php(162): CWebApplication->processRequest()
#4 /Applications/MAMP/htdocs/server/gastronono/index.php(13): CApplication->run()
#5 {main}
REQUEST_URI=/server/gastronono/index.php?r=site/login2
---
2012/12/11 18:33:45 [error] [exception.CException] exception 'CException' with message 'registerForm and its behaviors do not have a method or closure named "tableName".' in /Applications/MAMP/htdocs/yii/framework/base/CComponent.php:266
Stack trace:
#0 /Applications/MAMP/htdocs/yii/framework/db/ar/CActiveRecord.php(2310): CComponent->__call('tableName', Array)
#1 /Applications/MAMP/htdocs/yii/framework/db/ar/CActiveRecord.php(2310): registerForm->tableName()
#2 /Applications/MAMP/htdocs/yii/framework/db/ar/CActiveRecord.php(388): CActiveRecordMetaData->__construct(Object(registerForm))
#3 /Applications/MAMP/htdocs/yii/framework/validators/CUniqueValidator.php(88): CActiveRecord::model('registerForm')
#4 /Applications/MAMP/htdocs/yii/framework/validators/CValidator.php(214): CUniqueValidator->validateAttribute(Object(registerForm), 'username')
#5 /Applications/MAMP/htdocs/yii/framework/base/CModel.php(158): CValidator->validate(Object(registerForm), NULL)
#6 /Applications/MAMP/htdocs/server/gastronono/protected/controllers/SiteController.php(83): CModel->validate()
#7 /Applications/MAMP/htdocs/yii/framework/web/actions/CInlineAction.php(50): SiteController->actionRegister()
#8 /Applications/MAMP/htdocs/yii/framework/web/CController.php(309): CInlineAction->runWithParams(Array)
#9 /Applications/MAMP/htdocs/yii/framework/web/CController.php(287): CController->runAction(Object(CInlineAction))
#10 /Applications/MAMP/htdocs/yii/framework/web/CController.php(266): CController->runActionWithFilters(Object(CInlineAction), Array)
#11 /Applications/MAMP/htdocs/yii/framework/web/CWebApplication.php(283): CController->run('register')
#12 /Applications/MAMP/htdocs/yii/framework/web/CWebApplication.php(142): CWebApplication->runController('site/register')
#13 /Applications/MAMP/htdocs/yii/framework/base/CApplication.php(162): CWebApplication->processRequest()
#14 /Applications/MAMP/htdocs/server/gastronono/index.php(13): CApplication->run()
#15 {main}
REQUEST_URI=/server/gastronono/index.php?r=site/register
HTTP_REFERER=http://localhost:8888/server/gastronono/index.php?r=site/register
---
2012/12/11 18:36:17 [error] [php] include(tbl_user.php): failed to open stream: No such file or directory (/Applications/MAMP/htdocs/yii/framework/YiiBase.php:423)
Stack trace:
#0 /Applications/MAMP/htdocs/yii/framework/db/ar/CActiveRecord.php(387): spl_autoload_call()
#1 /Applications/MAMP/htdocs/yii/framework/validators/CUniqueValidator.php(88): model()
#2 /Applications/MAMP/htdocs/yii/framework/validators/CValidator.php(214): CUniqueValidator->validateAttribute()
#3 /Applications/MAMP/htdocs/yii/framework/base/CModel.php(158): CUniqueValidator->validate()
#4 /Applications/MAMP/htdocs/server/gastronono/protected/controllers/SiteController.php(83): registerForm->validate()
#5 /Applications/MAMP/htdocs/yii/framework/web/actions/CInlineAction.php(50): SiteController->actionRegister()
#6 /Applications/MAMP/htdocs/yii/framework/web/CController.php(309): CInlineAction->runWithParams()
#7 /Applications/MAMP/htdocs/yii/framework/web/CController.php(287): SiteController->runAction()
#8 /Applications/MAMP/htdocs/yii/framework/web/CController.php(266): SiteController->runActionWithFilters()
#9 /Applications/MAMP/htdocs/yii/framework/web/CWebApplication.php(283): SiteController->run()
#10 /Applications/MAMP/htdocs/yii/framework/web/CWebApplication.php(142): CWebApplication->runController()
#11 /Applications/MAMP/htdocs/yii/framework/base/CApplication.php(162): CWebApplication->processRequest()
#12 /Applications/MAMP/htdocs/server/gastronono/index.php(13): CWebApplication->run()
REQUEST_URI=/server/gastronono/index.php?r=site/register
in /Applications/MAMP/htdocs/server/gastronono/protected/controllers/SiteController.php (83)
in /Applications/MAMP/htdocs/server/gastronono/index.php (13)
2012/12/11 18:42:20 [error] [exception.CException] exception 'CException' with message 'registerForm and its behaviors do not have a method or closure named "tableName".' in /Applications/MAMP/htdocs/yii/framework/base/CComponent.php:266
Stack trace:
#0 /Applications/MAMP/htdocs/yii/framework/db/ar/CActiveRecord.php(2310): CComponent->__call('tableName', Array)
#1 /Applications/MAMP/htdocs/yii/framework/db/ar/CActiveRecord.php(2310): registerForm->tableName()
#2 /Applications/MAMP/htdocs/yii/framework/db/ar/CActiveRecord.php(388): CActiveRecordMetaData->__construct(Object(registerForm))
#3 /Applications/MAMP/htdocs/yii/framework/validators/CUniqueValidator.php(88): CActiveRecord::model('RegisterForm')
#4 /Applications/MAMP/htdocs/yii/framework/validators/CValidator.php(214): CUniqueValidator->validateAttribute(Object(registerForm), 'username')
#5 /Applications/MAMP/htdocs/yii/framework/base/CModel.php(158): CValidator->validate(Object(registerForm), NULL)
#6 /Applications/MAMP/htdocs/server/gastronono/protected/controllers/SiteController.php(83): CModel->validate()
#7 /Applications/MAMP/htdocs/yii/framework/web/actions/CInlineAction.php(50): SiteController->actionRegister()
#8 /Applications/MAMP/htdocs/yii/framework/web/CController.php(309): CInlineAction->runWithParams(Array)
#9 /Applications/MAMP/htdocs/yii/framework/web/CController.php(287): CController->runAction(Object(CInlineAction))
#10 /Applications/MAMP/htdocs/yii/framework/web/CController.php(266): CController->runActionWithFilters(Object(CInlineAction), Array)
#11 /Applications/MAMP/htdocs/yii/framework/web/CWebApplication.php(283): CController->run('register')
#12 /Applications/MAMP/htdocs/yii/framework/web/CWebApplication.php(142): CWebApplication->runController('site/register')
#13 /Applications/MAMP/htdocs/yii/framework/base/CApplication.php(162): CWebApplication->processRequest()
#14 /Applications/MAMP/htdocs/server/gastronono/index.php(13): CApplication->run()
#15 {main}
REQUEST_URI=/server/gastronono/index.php?r=site/register
HTTP_REFERER=http://localhost:8888/server/gastronono/index.php?r=site/register
---
2012/12/11 18:42:43 [error] [exception.CException] exception 'CException' with message 'Property "User.joined" is not defined.' in /Applications/MAMP/htdocs/yii/framework/base/CComponent.php:174
Stack trace:
#0 /Applications/MAMP/htdocs/yii/framework/db/ar/CActiveRecord.php(160): CComponent->__set('joined', '2012-12-11')
#1 /Applications/MAMP/htdocs/server/gastronono/protected/controllers/SiteController.php(87): CActiveRecord->__set('joined', '2012-12-11')
#2 /Applications/MAMP/htdocs/yii/framework/web/actions/CInlineAction.php(50): SiteController->actionRegister()
#3 /Applications/MAMP/htdocs/yii/framework/web/CController.php(309): CInlineAction->runWithParams(Array)
#4 /Applications/MAMP/htdocs/yii/framework/web/CController.php(287): CController->runAction(Object(CInlineAction))
#5 /Applications/MAMP/htdocs/yii/framework/web/CController.php(266): CController->runActionWithFilters(Object(CInlineAction), Array)
#6 /Applications/MAMP/htdocs/yii/framework/web/CWebApplication.php(283): CController->run('register')
#7 /Applications/MAMP/htdocs/yii/framework/web/CWebApplication.php(142): CWebApplication->runController('site/register')
#8 /Applications/MAMP/htdocs/yii/framework/base/CApplication.php(162): CWebApplication->processRequest()
#9 /Applications/MAMP/htdocs/server/gastronono/index.php(13): CApplication->run()
#10 {main}
REQUEST_URI=/server/gastronono/index.php?r=site/register
HTTP_REFERER=http://localhost:8888/server/gastronono/index.php?r=site/register
---
2012/12/11 18:43:38 [error] [exception.CException] exception 'CException' with message 'Property "User.joined" is not defined.' in /Applications/MAMP/htdocs/yii/framework/base/CComponent.php:174
Stack trace:
#0 /Applications/MAMP/htdocs/yii/framework/db/ar/CActiveRecord.php(160): CComponent->__set('joined', '2012-12-11')
#1 /Applications/MAMP/htdocs/server/gastronono/protected/controllers/SiteController.php(87): CActiveRecord->__set('joined', '2012-12-11')
#2 /Applications/MAMP/htdocs/yii/framework/web/actions/CInlineAction.php(50): SiteController->actionRegister()
#3 /Applications/MAMP/htdocs/yii/framework/web/CController.php(309): CInlineAction->runWithParams(Array)
#4 /Applications/MAMP/htdocs/yii/framework/web/CController.php(287): CController->runAction(Object(CInlineAction))
#5 /Applications/MAMP/htdocs/yii/framework/web/CController.php(266): CController->runActionWithFilters(Object(CInlineAction), Array)
#6 /Applications/MAMP/htdocs/yii/framework/web/CWebApplication.php(283): CController->run('register')
#7 /Applications/MAMP/htdocs/yii/framework/web/CWebApplication.php(142): CWebApplication->runController('site/register')
#8 /Applications/MAMP/htdocs/yii/framework/base/CApplication.php(162): CWebApplication->processRequest()
#9 /Applications/MAMP/htdocs/server/gastronono/index.php(13): CApplication->run()
#10 {main}
REQUEST_URI=/server/gastronono/index.php?r=site/register
HTTP_REFERER=http://localhost:8888/server/gastronono/index.php?r=site/register
---
2012/12/11 19:36:10 [error] [php] Object of class UserIdentity could not be converted to string (/Applications/MAMP/htdocs/yii/framework/web/helpers/CHtml.php:144)
Stack trace:
#0 /Applications/MAMP/htdocs/server/gastronono/protected/views/site/login.php(38): CActiveForm->error()
#1 /Applications/MAMP/htdocs/yii/framework/web/CBaseController.php(127): require()
#2 /Applications/MAMP/htdocs/yii/framework/web/CBaseController.php(96): SiteController->renderInternal()
#3 /Applications/MAMP/htdocs/yii/framework/web/CController.php(870): SiteController->renderFile()
#4 /Applications/MAMP/htdocs/yii/framework/web/CController.php(783): SiteController->renderPartial()
#5 /Applications/MAMP/htdocs/server/gastronono/protected/controllers/SiteController.php(134): SiteController->render()
#6 /Applications/MAMP/htdocs/yii/framework/web/actions/CInlineAction.php(50): SiteController->actionLogin()
#7 /Applications/MAMP/htdocs/yii/framework/web/CController.php(309): CInlineAction->runWithParams()
#8 /Applications/MAMP/htdocs/yii/framework/web/CController.php(287): SiteController->runAction()
#9 /Applications/MAMP/htdocs/yii/framework/web/CController.php(266): SiteController->runActionWithFilters()
#10 /Applications/MAMP/htdocs/yii/framework/web/CWebApplication.php(283): SiteController->run()
#11 /Applications/MAMP/htdocs/yii/framework/web/CWebApplication.php(142): CWebApplication->runController()
#12 /Applications/MAMP/htdocs/yii/framework/base/CApplication.php(162): CWebApplication->processRequest()
#13 /Applications/MAMP/htdocs/server/gastronono/index.php(13): CWebApplication->run()
REQUEST_URI=/server/gastronono/index.php?r=site/login
in /Applications/MAMP/htdocs/server/gastronono/protected/views/site/login.php (38)
in /Applications/MAMP/htdocs/server/gastronono/protected/controllers/SiteController.php (134)
in /Applications/MAMP/htdocs/server/gastronono/index.php (13)
2012/12/12 13:09:43 [error] [exception.CDbException] exception 'CDbException' with message 'CDbConnection failed to open the DB connection: SQLSTATE[HY000] [1049] Unknown database 'testdrive'' in C:\xampp\htdocs\yii\framework\db\CDbConnection.php:382
Stack trace:
#0 C:\xampp\htdocs\yii\framework\db\CDbConnection.php(331): CDbConnection->open()
#1 C:\xampp\htdocs\yii\framework\db\CDbConnection.php(309): CDbConnection->setActive(true)
#2 C:\xampp\htdocs\yii\framework\base\CModule.php(388): CDbConnection->init()
#3 C:\xampp\htdocs\yii\framework\base\CApplication.php(431): CModule->getComponent('db')
#4 C:\xampp\htdocs\yii\framework\db\ar\CActiveRecord.php(624): CApplication->getDb()
#5 C:\xampp\htdocs\yii\framework\db\ar\CActiveRecord.php(2311): CActiveRecord->getDbConnection()
#6 C:\xampp\htdocs\yii\framework\db\ar\CActiveRecord.php(388): CActiveRecordMetaData->__construct(Object(User))
#7 C:\xampp\htdocs\yii\framework\db\ar\CActiveRecord.php(403): CActiveRecord::model('User')
#8 C:\xampp\htdocs\yii\framework\db\ar\CActiveRecord.php(78): CActiveRecord->getMetaData()
#9 C:\xampp\htdocs\server\gastronono\protected\controllers\SiteController.php(52): CActiveRecord->__construct()
#10 C:\xampp\htdocs\yii\framework\web\actions\CInlineAction.php(50): SiteController->actionRegister()
#11 C:\xampp\htdocs\yii\framework\web\CController.php(309): CInlineAction->runWithParams(Array)
#12 C:\xampp\htdocs\yii\framework\web\CController.php(287): CController->runAction(Object(CInlineAction))
#13 C:\xampp\htdocs\yii\framework\web\CController.php(266): CController->runActionWithFilters(Object(CInlineAction), Array)
#14 C:\xampp\htdocs\yii\framework\web\CWebApplication.php(283): CController->run('register')
#15 C:\xampp\htdocs\yii\framework\web\CWebApplication.php(142): CWebApplication->runController('site/register')
#16 C:\xampp\htdocs\yii\framework\base\CApplication.php(162): CWebApplication->processRequest()
#17 C:\xampp\htdocs\server\gastronono\index.php(13): CApplication->run()
#18 {main}
REQUEST_URI=/server/gastronono/index.php?r=site/register
HTTP_REFERER=http://localhost/server/gastronono/index.php?r=site/login
---
2012/12/12 13:44:41 [error] [exception.CException] exception 'CException' with message 'Property "UserIdentity._id" is not defined.' in C:\xampp\htdocs\yii\framework\base\CComponent.php:174
Stack trace:
#0 C:\xampp\htdocs\server\gastronono\protected\components\UserIdentity.php(46): CComponent->__set('_id', '25')
#1 C:\xampp\htdocs\server\gastronono\protected\models\LoginForm.php(53): UserIdentity->authenticate()
#2 C:\xampp\htdocs\yii\framework\validators\CInlineValidator.php(43): LoginForm->authenticate('password', Array)
#3 C:\xampp\htdocs\yii\framework\validators\CValidator.php(214): CInlineValidator->validateAttribute(Object(LoginForm), 'password')
#4 C:\xampp\htdocs\yii\framework\base\CModel.php(158): CValidator->validate(Object(LoginForm), NULL)
#5 C:\xampp\htdocs\server\gastronono\protected\controllers\SiteController.php(130): CModel->validate()
#6 C:\xampp\htdocs\yii\framework\web\actions\CInlineAction.php(50): SiteController->actionLogin()
#7 C:\xampp\htdocs\yii\framework\web\CController.php(309): CInlineAction->runWithParams(Array)
#8 C:\xampp\htdocs\yii\framework\web\CController.php(287): CController->runAction(Object(CInlineAction))
#9 C:\xampp\htdocs\yii\framework\web\CController.php(266): CController->runActionWithFilters(Object(CInlineAction), Array)
#10 C:\xampp\htdocs\yii\framework\web\CWebApplication.php(283): CController->run('login')
#11 C:\xampp\htdocs\yii\framework\web\CWebApplication.php(142): CWebApplication->runController('site/login')
#12 C:\xampp\htdocs\yii\framework\base\CApplication.php(162): CWebApplication->processRequest()
#13 C:\xampp\htdocs\server\gastronono\index.php(13): CApplication->run()
#14 {main}
REQUEST_URI=/server/gastronono/index.php?r=site/login
HTTP_REFERER=http://localhost/server/gastronono/index.php?r=site/login
---
2012/12/12 13:45:03 [error] [exception.CException] exception 'CException' with message 'Property "User.title" is not defined.' in C:\xampp\htdocs\yii\framework\base\CComponent.php:131
Stack trace:
#0 C:\xampp\htdocs\yii\framework\db\ar\CActiveRecord.php(144): CComponent->__get('title')
#1 C:\xampp\htdocs\server\gastronono\protected\components\UserIdentity.php(47): CActiveRecord->__get('title')
#2 C:\xampp\htdocs\server\gastronono\protected\models\LoginForm.php(53): UserIdentity->authenticate()
#3 C:\xampp\htdocs\yii\framework\validators\CInlineValidator.php(43): LoginForm->authenticate('password', Array)
#4 C:\xampp\htdocs\yii\framework\validators\CValidator.php(214): CInlineValidator->validateAttribute(Object(LoginForm), 'password')
#5 C:\xampp\htdocs\yii\framework\base\CModel.php(158): CValidator->validate(Object(LoginForm), NULL)
#6 C:\xampp\htdocs\server\gastronono\protected\controllers\SiteController.php(130): CModel->validate()
#7 C:\xampp\htdocs\yii\framework\web\actions\CInlineAction.php(50): SiteController->actionLogin()
#8 C:\xampp\htdocs\yii\framework\web\CController.php(309): CInlineAction->runWithParams(Array)
#9 C:\xampp\htdocs\yii\framework\web\CController.php(287): CController->runAction(Object(CInlineAction))
#10 C:\xampp\htdocs\yii\framework\web\CController.php(266): CController->runActionWithFilters(Object(CInlineAction), Array)
#11 C:\xampp\htdocs\yii\framework\web\CWebApplication.php(283): CController->run('login')
#12 C:\xampp\htdocs\yii\framework\web\CWebApplication.php(142): CWebApplication->runController('site/login')
#13 C:\xampp\htdocs\yii\framework\base\CApplication.php(162): CWebApplication->processRequest()
#14 C:\xampp\htdocs\server\gastronono\index.php(13): CApplication->run()
#15 {main}
REQUEST_URI=/server/gastronono/index.php?r=site/login
HTTP_REFERER=http://localhost/server/gastronono/index.php?r=site/login
---
